{
"src/app/app.component.ts":{"path":"src/app/app.component.ts","statementMap":{"1":{"start":{"line":1,"column":0},"end":{"line":1,"column":61}},"2":{"start":{"line":2,"column":0},"end":{"line":2,"column":57}},"3":{"start":{"line":4,"column":0},"end":{"line":4,"column":40}},"4":{"start":{"line":5,"column":0},"end":{"line":5,"column":46}},"5":{"start":{"line":13,"column":0},"end":{"line":37,"column":1}},"6":{"start":{"line":21,"column":2},"end":{"line":24,"column":7}},"7":{"start":{"line":22,"column":11},"end":{"line":22,"column":32}},"8":{"start":{"line":23,"column":11},"end":{"line":23,"column":25}},"9":{"start":{"line":14,"column":2},"end":{"line":16,"column":4}},"10":{"start":{"line":17,"column":2},"end":{"line":17,"column":18}},"11":{"start":{"line":18,"column":2},"end":{"line":18,"column":41}},"12":{"start":{"line":19,"column":2},"end":{"line":19,"column":16}},"13":{"start":{"line":26,"column":2},"end":{"line":30,"column":3}},"14":{"start":{"line":27,"column":4},"end":{"line":29,"column":5}},"15":{"start":{"line":28,"column":6},"end":{"line":28,"column":44}},"16":{"start":{"line":32,"column":2},"end":{"line":36,"column":3}},"17":{"start":{"line":33,"column":4},"end":{"line":35,"column":5}},"18":{"start":{"line":34,"column":6},"end":{"line":34,"column":45}},"19":{"start":{"line":37,"column":0},"end":{"line":37,"column":1}},"20":{"start":{"line":13,"column":13},"end":{"line":37,"column":1}},"21":{"start":{"line":13,"column":13},"end":{"line":13,"column":25}}},"fnMap":{"1":{"name":"(anonymous_1)","line":13,"loc":{"start":{"line":13,"column":25},"end":{"line":null,"column":-1}}},"2":{"name":"AppComponent","line":21,"loc":{"start":{"line":21,"column":2},"end":{"line":23,"column":25}}},"3":{"name":"(anonymous_3)","line":26,"loc":{"start":{"line":26,"column":2},"end":{"line":26,"column":21}}},"4":{"name":"(anonymous_4)","line":32,"loc":{"start":{"line":32,"column":2},"end":{"line":32,"column":23}}}},"branchMap":{"1":{"line":14,"type":"binary-expr","locations":[{"start":{"line":14,"column":17},"end":{"line":14,"column":38}},{"start":{"line":14,"column":42},"end":{"line":14,"column":46}},{"start":{"line":15,"column":4},"end":{"line":15,"column":49}}]},"2":{"line":18,"type":"cond-expr","locations":[{"start":{"line":18,"column":25},"end":{"line":18,"column":31}},{"start":{"line":18,"column":34},"end":{"line":18,"column":40}}]},"3":{"line":27,"type":"if","locations":[{"start":{"line":27,"column":4},"end":{"line":27,"column":3}},{"start":{"line":27,"column":4},"end":{"line":27,"column":3}}]},"4":{"line":33,"type":"if","locations":[{"start":{"line":33,"column":4},"end":{"line":33,"column":3}},{"start":{"line":33,"column":4},"end":{"line":33,"column":3}}]}},"s":{"1":1,"2":1,"3":1,"4":1,"5":1,"6":1,"7":1,"8":1,"9":1,"10":1,"11":1,"12":1,"13":1,"14":0,"15":0,"16":1,"17":0,"18":0,"19":1,"20":1,"21":1},"b":{"1":[1,0,0],"2":[0,1],"3":[0,0],"4":[0,0]},"f":{"1":1,"2":1,"3":0,"4":0},"l":{"1":1,"2":1,"4":1,"5":1,"13":1,"14":1,"17":1,"18":1,"19":1,"21":1,"22":1,"23":1,"26":1,"27":0,"28":0,"32":1,"33":0,"34":0,"37":1}},
"src/app/app-nav-views.ts":{"path":"src/app/app-nav-views.ts","statementMap":{"1":{"start":{"line":1,"column":13},"end":{"line":17,"column":2}}},"fnMap":{},"branchMap":{},"s":{"1":1},"b":{},"f":{},"l":{"1":1}},
"src/app/services/constants.ts":{"path":"src/app/services/constants.ts","statementMap":{"1":{"start":{"line":1,"column":13},"end":{"line":1,"column":96}},"2":{"start":{"line":2,"column":13},"end":{"line":2,"column":61}}},"fnMap":{},"branchMap":{"1":{"line":1,"type":"cond-expr","locations":[{"start":{"line":1,"column":57},"end":{"line":1,"column":87}},{"start":{"line":1,"column":91},"end":{"line":1,"column":95}}]}},"s":{"1":1,"2":1},"b":{"1":[1,0]},"f":{},"l":{"1":1,"2":1}},
"src/app/features/dashboard.component.ts":{"path":"src/app/features/dashboard.component.ts","statementMap":{"1":{"start":{"line":1,"column":0},"end":{"line":1,"column":61}},"2":{"start":{"line":2,"column":0},"end":{"line":2,"column":56}},"3":{"start":{"line":3,"column":0},"end":{"line":3,"column":39}},"4":{"start":{"line":7,"column":0},"end":{"line":7,"column":36}},"5":{"start":{"line":8,"column":0},"end":{"line":8,"column":51}},"6":{"start":{"line":17,"column":0},"end":{"line":61,"column":1}},"7":{"start":{"line":23,"column":2},"end":{"line":34,"column":3}},"8":{"start":{"line":25,"column":12},"end":{"line":25,"column":34}},"9":{"start":{"line":26,"column":12},"end":{"line":26,"column":36}},"10":{"start":{"line":18,"column":2},"end":{"line":18,"column":48}},"11":{"start":{"line":20,"column":2},"end":{"line":20,"column":32}},"12":{"start":{"line":28,"column":4},"end":{"line":30,"column":7}},"13":{"start":{"line":31,"column":4},"end":{"line":31,"column":61}},"14":{"start":{"line":31,"column":44},"end":{"line":31,"column":59}},"15":{"start":{"line":32,"column":4},"end":{"line":33,"column":48}},"16":{"start":{"line":33,"column":27},"end":{"line":33,"column":44}},"17":{"start":{"line":36,"column":2},"end":{"line":38,"column":3}},"18":{"start":{"line":37,"column":4},"end":{"line":37,"column":51}},"19":{"start":{"line":40,"column":2},"end":{"line":46,"column":3}},"20":{"start":{"line":41,"column":4},"end":{"line":43,"column":10}},"21":{"start":{"line":45,"column":4},"end":{"line":45,"column":39}},"22":{"start":{"line":48,"column":2},"end":{"line":50,"column":3}},"23":{"start":{"line":49,"column":4},"end":{"line":49,"column":51}},"24":{"start":{"line":52,"column":2},"end":{"line":56,"column":3}},"25":{"start":{"line":53,"column":4},"end":{"line":55,"column":10}},"26":{"start":{"line":58,"column":2},"end":{"line":60,"column":3}},"27":{"start":{"line":59,"column":4},"end":{"line":59,"column":27}},"28":{"start":{"line":61,"column":0},"end":{"line":61,"column":1}},"29":{"start":{"line":17,"column":13},"end":{"line":61,"column":1}},"30":{"start":{"line":17,"column":13},"end":{"line":17,"column":31}}},"fnMap":{"1":{"name":"(anonymous_1)","line":17,"loc":{"start":{"line":17,"column":31},"end":{"line":null,"column":-1}}},"2":{"name":"DashboardComponent","line":23,"loc":{"start":{"line":23,"column":2},"end":{"line":26,"column":36}}},"3":{"name":"(anonymous_3)","line":31,"loc":{"start":{"line":31,"column":35},"end":{"line":31,"column":40}}},"4":{"name":"(anonymous_4)","line":33,"loc":{"start":{"line":33,"column":17},"end":{"line":33,"column":21}}},"5":{"name":"(anonymous_5)","line":36,"loc":{"start":{"line":36,"column":2},"end":{"line":null,"column":-1}}},"6":{"name":"(anonymous_6)","line":40,"loc":{"start":{"line":40,"column":2},"end":{"line":null,"column":-1}}},"7":{"name":"(anonymous_7)","line":48,"loc":{"start":{"line":48,"column":2},"end":{"line":null,"column":-1}}},"8":{"name":"(anonymous_8)","line":52,"loc":{"start":{"line":52,"column":2},"end":{"line":null,"column":-1}}},"9":{"name":"(anonymous_9)","line":58,"loc":{"start":{"line":58,"column":2},"end":{"line":null,"column":-1}}}},"branchMap":{},"s":{"1":1,"2":1,"3":1,"4":1,"5":1,"6":1,"7":1,"8":0,"9":0,"10":0,"11":0,"12":0,"13":0,"14":0,"15":0,"16":0,"17":1,"18":0,"19":1,"20":0,"21":0,"22":1,"23":0,"24":1,"25":0,"26":1,"27":0,"28":1,"29":1,"30":1},"b":{},"f":{"1":1,"2":0,"3":0,"4":0,"5":0,"6":0,"7":0,"8":0,"9":0},"l":{"1":1,"2":1,"3":1,"7":1,"8":1,"17":1,"18":0,"20":0,"23":1,"25":0,"26":0,"28":0,"31":0,"32":0,"33":0,"36":1,"37":0,"40":1,"41":0,"45":0,"48":1,"49":0,"52":1,"53":0,"58":1,"59":0,"61":1}},
"src/app/user/user.actions.ts":{"path":"src/app/user/user.actions.ts","statementMap":{"1":{"start":{"line":2,"column":0},"end":{"line":2,"column":43}},"2":{"start":{"line":10,"column":0},"end":{"line":42,"column":1}},"3":{"start":{"line":13,"column":2},"end":{"line":18,"column":3}},"4":{"start":{"line":14,"column":4},"end":{"line":17,"column":6}},"5":{"start":{"line":21,"column":2},"end":{"line":25,"column":3}},"6":{"start":{"line":22,"column":4},"end":{"line":24,"column":6}},"7":{"start":{"line":28,"column":2},"end":{"line":33,"column":3}},"8":{"start":{"line":29,"column":4},"end":{"line":32,"column":6}},"9":{"start":{"line":36,"column":2},"end":{"line":41,"column":3}},"10":{"start":{"line":37,"column":4},"end":{"line":40,"column":6}},"11":{"start":{"line":42,"column":0},"end":{"line":42,"column":1}},"12":{"start":{"line":12,"column":9},"end":{"line":12,"column":40}},"13":{"start":{"line":20,"column":9},"end":{"line":20,"column":34}},"14":{"start":{"line":27,"column":9},"end":{"line":27,"column":44}},"15":{"start":{"line":35,"column":9},"end":{"line":35,"column":50}},"16":{"start":{"line":10,"column":13},"end":{"line":42,"column":1}},"17":{"start":{"line":10,"column":13},"end":{"line":10,"column":24}}},"fnMap":{"1":{"name":"(anonymous_1)","line":10,"loc":{"start":{"line":10,"column":24},"end":{"line":null,"column":-1}}},"2":{"name":"UserActions","line":10,"loc":{"start":{"line":10,"column":0},"end":{"line":null,"column":-1}}},"3":{"name":"(anonymous_3)","line":13,"loc":{"start":{"line":13,"column":2},"end":{"line":13,"column":21}}},"4":{"name":"(anonymous_4)","line":21,"loc":{"start":{"line":21,"column":2},"end":{"line":null,"column":-1}}},"5":{"name":"(anonymous_5)","line":28,"loc":{"start":{"line":28,"column":2},"end":{"line":28,"column":23}}},"6":{"name":"(anonymous_6)","line":36,"loc":{"start":{"line":36,"column":2},"end":{"line":36,"column":29}}}},"branchMap":{},"s":{"1":1,"2":2,"3":1,"4":0,"5":1,"6":0,"7":1,"8":0,"9":1,"10":0,"11":1,"12":1,"13":1,"14":1,"15":1,"16":1,"17":1},"b":{},"f":{"1":1,"2":0,"3":0,"4":0,"5":0,"6":0},"l":{"2":1,"10":2,"12":1,"13":1,"14":0,"20":1,"21":1,"22":0,"27":1,"28":1,"29":0,"35":1,"36":1,"37":0,"42":1}},
"src/app/not-found404.component.ts":{"path":"src/app/not-found404.component.ts","statementMap":{"1":{"start":{"line":1,"column":0},"end":{"line":1,"column":42}},"2":{"start":{"line":7,"column":0},"end":{"line":7,"column":37}},"3":{"start":{"line":7,"column":36},"end":{"line":7,"column":37}},"4":{"start":{"line":7,"column":13},"end":{"line":7,"column":37}},"5":{"start":{"line":7,"column":13},"end":{"line":7,"column":33}}},"fnMap":{"1":{"name":"(anonymous_1)","line":7,"loc":{"start":{"line":7,"column":33},"end":{"line":null,"column":-1}}},"2":{"name":"NotFound404Component","line":7,"loc":{"start":{"line":7,"column":0},"end":{"line":null,"column":-1}}}},"branchMap":{},"s":{"1":1,"2":2,"3":1,"4":1,"5":1},"b":{},"f":{"1":1,"2":0},"l":{"1":1,"7":2}},
"src/app/app.routing.ts":{"path":"src/app/app.routing.ts","statementMap":{"1":{"start":{"line":4,"column":0},"end":{"line":4,"column":68}},"2":{"start":{"line":5,"column":0},"end":{"line":5,"column":64}},"3":{"start":{"line":7,"column":13},"end":{"line":11,"column":2}}},"fnMap":{},"branchMap":{},"s":{"1":1,"2":1,"3":1},"b":{},"f":{},"l":{"4":1,"5":1,"7":1}},
"src/app/features/store-devtools.module.ts":{"path":"src/app/features/store-devtools.module.ts","statementMap":{"1":{"start":{"line":1,"column":0},"end":{"line":1,"column":65}},"2":{"start":{"line":2,"column":0},"end":{"line":2,"column":47}},"3":{"start":{"line":4,"column":0},"end":{"line":4,"column":64}},"4":{"start":{"line":6,"column":0},"end":{"line":6,"column":68}},"5":{"start":{"line":8,"column":0},"end":{"line":8,"column":19}},"6":{"start":{"line":10,"column":0},"end":{"line":14,"column":3}},"7":{"start":{"line":12,"column":2},"end":{"line":14,"column":3}},"8":{"start":{"line":23,"column":0},"end":{"line":23,"column":36}},"9":{"start":{"line":23,"column":35},"end":{"line":23,"column":36}},"10":{"start":{"line":23,"column":13},"end":{"line":23,"column":36}},"11":{"start":{"line":23,"column":13},"end":{"line":23,"column":32}}},"fnMap":{"1":{"name":"(anonymous_1)","line":23,"loc":{"start":{"line":23,"column":32},"end":{"line":null,"column":-1}}},"2":{"name":"StoreDevToolsModule","line":23,"loc":{"start":{"line":23,"column":0},"end":{"line":null,"column":-1}}}},"branchMap":{"1":{"line":10,"type":"if","locations":[{"start":{"line":10,"column":0},"end":{"line":10,"column":-1}},{"start":{"line":10,"column":0},"end":{"line":10,"column":-1}}]},"2":{"line":10,"type":"binary-expr","locations":[{"start":{"line":10,"column":4},"end":{"line":10,"column":25}},{"start":{"line":10,"column":29},"end":{"line":10,"column":33}},{"start":{"line":11,"column":2},"end":{"line":11,"column":47}}]}},"s":{"1":1,"2":1,"3":1,"4":1,"5":1,"6":1,"7":0,"8":2,"9":1,"10":1,"11":1},"b":{"1":[0,1],"2":[1,0,0]},"f":{"1":1,"2":1},"l":{"1":1,"2":1,"4":1,"6":1,"8":1,"10":1,"12":0,"23":2}},
"src/app/features/store-devtools.component.ts":{"path":"src/app/features/store-devtools.component.ts","statementMap":{"1":{"start":{"line":1,"column":0},"end":{"line":1,"column":61}},"2":{"start":{"line":14,"column":0},"end":{"line":14,"column":38}},"3":{"start":{"line":14,"column":37},"end":{"line":14,"column":38}},"4":{"start":{"line":14,"column":13},"end":{"line":14,"column":38}},"5":{"start":{"line":14,"column":13},"end":{"line":14,"column":35}}},"fnMap":{"1":{"name":"(anonymous_1)","line":14,"loc":{"start":{"line":14,"column":35},"end":{"line":null,"column":-1}}},"2":{"name":"StoreDevToolsComponent","line":14,"loc":{"start":{"line":14,"column":0},"end":{"line":null,"column":-1}}}},"branchMap":{},"s":{"1":1,"2":2,"3":1,"4":1,"5":1},"b":{},"f":{"1":1,"2":0},"l":{"1":1,"14":2}}}
